  [1m[35m (0.2ms)[0m  [1m[34mSELECT sqlite_version(*)[0m
  ↳ bin/rails:9
  [1m[35m (20.5ms)[0m  [1m[35mCREATE TABLE "schema_migrations" ("version" varchar NOT NULL PRIMARY KEY)[0m
  ↳ bin/rails:9
  [1m[35m (15.7ms)[0m  [1m[35mCREATE TABLE "ar_internal_metadata" ("key" varchar NOT NULL PRIMARY KEY, "value" varchar, "created_at" datetime NOT NULL, "updated_at" datetime NOT NULL)[0m
  ↳ bin/rails:9
  [1m[36mActiveRecord::InternalMetadata Load (0.4ms)[0m  [1m[34mSELECT  "ar_internal_metadata".* FROM "ar_internal_metadata" WHERE "ar_internal_metadata"."key" = ? LIMIT ?[0m  [["key", "environment"], ["LIMIT", 1]]
  ↳ bin/rails:9
  [1m[35m (0.1ms)[0m  [1m[36mbegin transaction[0m
  ↳ bin/rails:9
  [1m[36mActiveRecord::InternalMetadata Create (0.4ms)[0m  [1m[32mINSERT INTO "ar_internal_metadata" ("key", "value", "created_at", "updated_at") VALUES (?, ?, ?, ?)[0m  [["key", "environment"], ["value", "development"], ["created_at", "2019-12-02 13:29:29.473132"], ["updated_at", "2019-12-02 13:29:29.473132"]]
  ↳ bin/rails:9
  [1m[35m (12.5ms)[0m  [1m[36mcommit transaction[0m
  ↳ bin/rails:9
  [1m[35m (0.2ms)[0m  [1m[34mSELECT "schema_migrations"."version" FROM "schema_migrations" ORDER BY "schema_migrations"."version" ASC[0m
  ↳ bin/rails:9
  [1m[36mActiveRecord::InternalMetadata Load (1.3ms)[0m  [1m[34mSELECT  "ar_internal_metadata".* FROM "ar_internal_metadata" WHERE "ar_internal_metadata"."key" = ? LIMIT ?[0m  [["key", "environment"], ["LIMIT", 1]]
  ↳ bin/rails:9
  [1m[35m (0.1ms)[0m  [1m[36mbegin transaction[0m
  ↳ bin/rails:9
  [1m[35m (0.1ms)[0m  [1m[36mcommit transaction[0m
  ↳ bin/rails:9
  [1m[35m (0.2ms)[0m  [1m[34mSELECT "schema_migrations"."version" FROM "schema_migrations" ORDER BY "schema_migrations"."version" ASC[0m
  ↳ bin/rails:9
Started GET "/" for 127.0.0.1 at 2019-12-02 18:07:47 +0100
Processing by ApplicationController#hello as HTML
  Rendering html template
  Rendered html template (0.0ms)
Completed 200 OK in 23ms (Views: 14.7ms | ActiveRecord: 0.0ms)


Started GET "/static_pages/home" for 127.0.0.1 at 2019-12-02 18:09:56 +0100
Processing by StaticPagesController#home as HTML
  Rendering static_pages/home.html.erb within layouts/application
  Rendered static_pages/home.html.erb within layouts/application (78.7ms)
Completed 200 OK in 5095ms (Views: 5012.8ms | ActiveRecord: 0.0ms)


Started GET "/static_pages/home" for 127.0.0.1 at 2019-12-02 18:54:51 +0100
Processing by StaticPagesController#home as HTML
  Rendering static_pages/home.html.erb within layouts/application
  Rendered static_pages/home.html.erb within layouts/application (0.7ms)
Completed 200 OK in 659ms (Views: 533.3ms | ActiveRecord: 0.0ms)


Started GET "/static_pages/help" for 127.0.0.1 at 2019-12-02 19:05:15 +0100
Processing by StaticPagesController#help as HTML
  Rendering static_pages/help.html.erb within layouts/application
  Rendered static_pages/help.html.erb within layouts/application (1.8ms)
Completed 200 OK in 195ms (Views: 190.0ms | ActiveRecord: 0.0ms)


Started GET "/static_pages/help" for 127.0.0.1 at 2019-12-02 21:04:32 +0100
Processing by StaticPagesController#help as HTML
  Rendering static_pages/help.html.erb within layouts/application
  Rendered static_pages/help.html.erb within layouts/application (79.7ms)
Completed 200 OK in 1183ms (Views: 1136.4ms | ActiveRecord: 0.0ms)


Started GET "/static_pages/about" for 127.0.0.1 at 2019-12-02 21:04:50 +0100
Processing by StaticPagesController#about as HTML
  Rendering static_pages/about.html.erb within layouts/application
  Rendered static_pages/about.html.erb within layouts/application (56.9ms)
Completed 200 OK in 372ms (Views: 355.0ms | ActiveRecord: 0.0ms)


Started GET "/static_pages/about" for 127.0.0.1 at 2019-12-02 21:51:02 +0100
Processing by StaticPagesController#about as HTML
  Rendering static_pages/about.html.erb
  Rendered static_pages/about.html.erb (92.2ms)
Completed 200 OK in 213ms (Views: 182.4ms | ActiveRecord: 0.0ms)


Started GET "/static_pages/help" for 127.0.0.1 at 2019-12-02 21:51:21 +0100
Processing by StaticPagesController#help as HTML
  Rendering static_pages/help.html.erb
  Rendered static_pages/help.html.erb (80.4ms)
Completed 200 OK in 86ms (Views: 84.3ms | ActiveRecord: 0.0ms)


Started GET "/static_pages/home" for 127.0.0.1 at 2019-12-02 21:51:28 +0100
Processing by StaticPagesController#home as HTML
  Rendering static_pages/home.html.erb
  Rendered static_pages/home.html.erb (30.8ms)
Completed 200 OK in 37ms (Views: 35.5ms | ActiveRecord: 0.0ms)


  [1m[36mActiveRecord::InternalMetadata Load (1.1ms)[0m  [1m[34mSELECT  "ar_internal_metadata".* FROM "ar_internal_metadata" WHERE "ar_internal_metadata"."key" = ? LIMIT ?[0m  [["key", "environment"], ["LIMIT", 1]]
  ↳ bin/rails:9
  [1m[35m (0.2ms)[0m  [1m[36mbegin transaction[0m
  ↳ bin/rails:9
  [1m[35m (0.2ms)[0m  [1m[36mcommit transaction[0m
  ↳ bin/rails:9
  [1m[35m (0.3ms)[0m  [1m[34mSELECT "schema_migrations"."version" FROM "schema_migrations" ORDER BY "schema_migrations"."version" ASC[0m
  ↳ bin/rails:9
Started GET "/" for 127.0.0.1 at 2019-12-07 07:35:56 +0100
Processing by StaticPagesController#home as HTML
  Rendering static_pages/home.html.erb within layouts/application
  Rendered static_pages/home.html.erb within layouts/application (4911.4ms)
Completed 200 OK in 5124ms (Views: 5064.1ms | ActiveRecord: 0.0ms)


Started GET "/" for 127.0.0.1 at 2019-12-07 11:04:18 +0100
Processing by StaticPagesController#home as HTML
  Rendering static_pages/home.html.erb within layouts/application
  Rendered static_pages/home.html.erb within layouts/application (6301.1ms)
Completed 200 OK in 6791ms (Views: 6778.9ms | ActiveRecord: 0.0ms)


Started GET "/" for 127.0.0.1 at 2019-12-07 11:30:21 +0100
Processing by StaticPagesController#home as HTML
  Rendering static_pages/home.html.erb within layouts/application
  Rendered static_pages/home.html.erb within layouts/application (11715.8ms)
Completed 200 OK in 11898ms (Views: 11877.6ms | ActiveRecord: 0.0ms)


DEPRECATION WARNING: Single arity template handlers are deprecated. Template handlers must
now accept two parameters, the view object and the source for the view object.
Change:
  >> JbuilderHandler.call(template)
To:
  >> JbuilderHandler.call(template, source)
 (called from <top (required)> at /home/mike/Documents/Microverse-Ruby/sample_app/config/environment.rb:5)
DEPRECATION WARNING: Single arity template handlers are deprecated. Template handlers must
now accept two parameters, the view object and the source for the view object.
Change:
  >> JbuilderHandler.call(template)
To:
  >> JbuilderHandler.call(template, source)
 (called from <top (required)> at /home/mike/Documents/Microverse-Ruby/sample_app/config/environment.rb:5)
DEPRECATION WARNING: Single arity template handlers are deprecated. Template handlers must
now accept two parameters, the view object and the source for the view object.
Change:
  >> JbuilderHandler.call(template)
To:
  >> JbuilderHandler.call(template, source)
 (called from <top (required)> at /home/mike/Documents/Microverse-Ruby/sample_app/config/environment.rb:5)
DEPRECATION WARNING: Single arity template handlers are deprecated. Template handlers must
now accept two parameters, the view object and the source for the view object.
Change:
  >> JbuilderHandler.call(template)
To:
  >> JbuilderHandler.call(template, source)
 (called from <top (required)> at /home/mike/Documents/Microverse-Ruby/sample_app/config/environment.rb:5)
Started GET "/" for ::1 at 2019-12-07 13:23:41 +0100
  [1m[35m (4.3ms)[0m  [1m[34mSELECT sqlite_version(*)[0m
Processing by StaticPagesController#home as HTML
  Rendering static_pages/home.html.erb within layouts/application
  Rendered static_pages/home.html.erb within layouts/application (Duration: 1118.9ms | Allocations: 40331)
Completed 500 Internal Server Error in 1218ms (ActiveRecord: 0.0ms | Allocations: 42816)


Started GET "/" for ::1 at 2019-12-07 13:28:21 +0100
Processing by StaticPagesController#home as HTML
  Rendering static_pages/home.html.erb within layouts/application
  Rendered static_pages/home.html.erb within layouts/application (Duration: 63.1ms | Allocations: 14872)
Completed 500 Internal Server Error in 68ms (ActiveRecord: 0.0ms | Allocations: 15352)


Started GET "/" for ::1 at 2019-12-07 13:28:26 +0100
Processing by StaticPagesController#home as HTML
  Rendering static_pages/home.html.erb within layouts/application
  Rendered static_pages/home.html.erb within layouts/application (Duration: 47.3ms | Allocations: 10125)
Completed 500 Internal Server Error in 178ms (ActiveRecord: 0.0ms | Allocations: 19621)


  
ActionView::Template::Error (Error: File to import not found or unreadable: bootstrap-sprockets.
        on line 1:1 of app/assets/stylesheets/custom.scss
>> @import "bootstrap-sprockets";

   ^
):
    3:   <head>
    4:     <title><%= full_title(yield(:title)) %></title>
    5:     <%= csrf_meta_tags %>
    6:     <%= stylesheet_link_tag    'application', media: 'all',
    7:                                               'data-turbolinks-track': 'reload' %>
    8:     <%= javascript_include_tag 'application', 'data-turbolinks-track': 'reload' %>
    9:     <%= render 'layouts/shim' %>
  
app/assets/stylesheets/custom.scss:1
app/views/layouts/application.html.erb:6
DEPRECATION WARNING: ActionView::Base instances should be constructed with a lookup context, assignments, and a controller. (called from new at /home/mike/.rbenv/versions/2.6.5/lib/ruby/gems/2.6.0/gems/web-console-3.5.1/lib/web_console/template.rb:19)
DEPRECATION WARNING: Single arity template handlers are deprecated. Template handlers must
now accept two parameters, the view object and the source for the view object.
Change:
  >> JbuilderHandler.call(template)
To:
  >> JbuilderHandler.call(template, source)
 (called from <top (required)> at /home/mike/Documents/Microverse-Ruby/sample_app/config/environment.rb:5)
Started GET "/" for ::1 at 2019-12-07 19:27:46 +0100
  [1m[35m (0.3ms)[0m  [1m[34mSELECT sqlite_version(*)[0m
Processing by StaticPagesController#home as HTML
  Rendering static_pages/home.html.erb within layouts/application
  Rendered static_pages/home.html.erb within layouts/application (Duration: 36.3ms | Allocations: 598)
Completed 500 Internal Server Error in 591ms (ActiveRecord: 0.0ms | Allocations: 9845)


  
ActionView::Template::Error (Error: File to import not found or unreadable: bootstrap-sprockets.
        on line 1:1 of app/assets/stylesheets/custom.scss
>> @import "bootstrap-sprockets";

   ^
):
    3:   <head>
    4:     <title><%= full_title(yield(:title)) %></title>
    5:     <%= csrf_meta_tags %>
    6:     <%= stylesheet_link_tag    'application', media: 'all',
    7:                                               'data-turbolinks-track': 'reload' %>
    8:     <%= javascript_include_tag 'application', 'data-turbolinks-track': 'reload' %>
    9:     <%= render 'layouts/shim' %>
  
app/assets/stylesheets/custom.scss:1
app/views/layouts/application.html.erb:6
DEPRECATION WARNING: ActionView::Base instances should be constructed with a lookup context, assignments, and a controller. (called from new at /home/mike/.rbenv/versions/2.6.5/lib/ruby/gems/2.6.0/gems/web-console-3.5.1/lib/web_console/template.rb:19)
DEPRECATION WARNING: Single arity template handlers are deprecated. Template handlers must
now accept two parameters, the view object and the source for the view object.
Change:
  >> JbuilderHandler.call(template)
To:
  >> JbuilderHandler.call(template, source)
 (called from <top (required)> at /home/mike/Documents/Microverse-Ruby/sample_app/config/environment.rb:5)
DEPRECATION WARNING: Single arity template handlers are deprecated. Template handlers must
now accept two parameters, the view object and the source for the view object.
Change:
  >> JbuilderHandler.call(template)
To:
  >> JbuilderHandler.call(template, source)
 (called from <top (required)> at /home/mike/Documents/Microverse-Ruby/sample_app/config/environment.rb:5)
DEPRECATION WARNING: Single arity template handlers are deprecated. Template handlers must
now accept two parameters, the view object and the source for the view object.
Change:
  >> JbuilderHandler.call(template)
To:
  >> JbuilderHandler.call(template, source)
 (called from <top (required)> at /home/mike/Documents/Microverse-Ruby/sample_app/config/environment.rb:5)
DEPRECATION WARNING: Single arity template handlers are deprecated. Template handlers must
now accept two parameters, the view object and the source for the view object.
Change:
  >> JbuilderHandler.call(template)
To:
  >> JbuilderHandler.call(template, source)
 (called from <top (required)> at /home/mike/Documents/Microverse-Ruby/sample_app/config/environment.rb:5)
Started GET "/" for ::1 at 2019-12-07 19:38:19 +0100
  [1m[35m (8.5ms)[0m  [1m[34mSELECT sqlite_version(*)[0m
Processing by StaticPagesController#home as HTML
  Rendering static_pages/home.html.erb within layouts/application
  Rendered static_pages/home.html.erb within layouts/application (Duration: 225.5ms | Allocations: 4634)
Completed 500 Internal Server Error in 628ms (ActiveRecord: 0.0ms | Allocations: 17973)


  
ActionView::Template::Error (Error: File to import not found or unreadable: bootstrap-sprockets.
        on line 1:1 of app/assets/stylesheets/custom.scss
>> @import "bootstrap-sprockets";

   ^
):
    3:   <head>
    4:     <title><%= full_title(yield(:title)) %></title>
    5:     <%= csrf_meta_tags %>
    6:     <%= stylesheet_link_tag    'application', media: 'all',
    7:                                               'data-turbolinks-track': 'reload' %>
    8:     <%= javascript_include_tag 'application', 'data-turbolinks-track': 'reload' %>
    9:     <%= render 'layouts/shim' %>
  
app/assets/stylesheets/custom.scss:1
app/views/layouts/application.html.erb:6
Started GET "/" for ::1 at 2019-12-07 19:48:18 +0100
  [1m[35m (0.2ms)[0m  [1m[34mSELECT sqlite_version(*)[0m
Processing by StaticPagesController#home as HTML
  Rendering static_pages/home.html.erb within layouts/application
  Rendered static_pages/home.html.erb within layouts/application (Duration: 1.9ms | Allocations: 598)
Completed 500 Internal Server Error in 34ms (ActiveRecord: 0.0ms | Allocations: 9844)


  
ActionView::Template::Error (Error: File to import not found or unreadable: bootstrap-sprockets.
        on line 1:1 of app/assets/stylesheets/custom.scss
>> @import "bootstrap-sprockets";

   ^
):
    3:   <head>
    4:     <title><%= full_title(yield(:title)) %></title>
    5:     <%= csrf_meta_tags %>
    6:     <%= stylesheet_link_tag    'application', media: 'all',
    7:                                               'data-turbolinks-track': 'reload' %>
    8:     <%= javascript_include_tag 'application', 'data-turbolinks-track': 'reload' %>
    9:     <%= render 'layouts/shim' %>
  
app/assets/stylesheets/custom.scss:1
app/views/layouts/application.html.erb:6
DEPRECATION WARNING: Single arity template handlers are deprecated. Template handlers must
now accept two parameters, the view object and the source for the view object.
Change:
  >> JbuilderHandler.call(template)
To:
  >> JbuilderHandler.call(template, source)
 (called from <top (required)> at /home/mike/Documents/Microverse-Ruby/sample_app/config/environment.rb:5)
Started GET "/" for ::1 at 2019-12-07 19:49:08 +0100
  [1m[35m (9.6ms)[0m  [1m[34mSELECT sqlite_version(*)[0m
Processing by StaticPagesController#home as HTML
  Rendering static_pages/home.html.erb within layouts/application
  Rendered static_pages/home.html.erb within layouts/application (Duration: 2214.4ms | Allocations: 100654)
  Rendered layouts/_shim.html.erb (Duration: 0.4ms | Allocations: 86)
  Rendered layouts/_header.html.erb (Duration: 0.7ms | Allocations: 235)
  Rendered layouts/_footer.html.erb (Duration: 2.1ms | Allocations: 161)
Completed 200 OK in 2484ms (Views: 2457.0ms | ActiveRecord: 0.0ms | Allocations: 143209)


